<?xml version="1.0" encoding="UTF-8"?>
<testsuite xmlns:xsi="http://www.w3.org/2001/XMLSchema-instance" xsi:noNamespaceSchemaLocation="https://maven.apache.org/surefire/maven-surefire-plugin/xsd/surefire-test-report-3.0.xsd" version="3.0" name="tests.MantisAutomationTest" time="175.357" tests="9" errors="0" skipped="0" failures="0">
  <properties>
[...]
</properties>
  <testcase name="test01_loginSucess" classname="tests.MantisAutomationTest" time="14.828">
    <system-err><![CDATA[log4j:WARN No appenders could be found for logger (io.github.bonigarcia.wdm.Shell).
log4j:WARN Please initialize the log4j system properly.
log4j:WARN See http://logging.apache.org/log4j/1.2/faq.html#noconfig for more info.
Jul 01, 2024 10:03:40 AM org.openqa.selenium.devtools.CdpVersionFinder findNearestMatch
WARNING: Unable to find CDP implementation matching 104
Jul 01, 2024 10:03:40 AM org.openqa.selenium.chromium.ChromiumDriver lambda$new$5
WARNING: Unable to find version of CDP to use for 104.0.5112.101. You may need to include a dependency on a specific version of the CDP using something similar to `org.seleniumhq.selenium:selenium-devtools-v86:4.11.0` where the version ("v86") matches the version of the chromium-based browser you're using and the version number of the artifact is the same as Selenium's.
Jul 01, 2024 10:03:40 AM core.DriverFactory createDriver
INFO: Selected Chrome Driver
Jul 01, 2024 10:03:43 AM core.BasePage insertText
INFO: text: Lucas_Andrade filled successfully!
Jul 01, 2024 10:03:43 AM core.BasePage click
INFO: element: [[ChromeDriver: chrome on linux (13d44a83edaabc0402fc757bf74d18fb)] -> xpath: //input[@value='Login']] clicked!
Jul 01, 2024 10:03:44 AM core.BasePage insertText
INFO: text: 1234 filled successfully!
Jul 01, 2024 10:03:55 AM core.BasePage click
INFO: element: Proxy element for: DefaultElementLocator 'By.xpath: //input[@value='Login']' clicked!
Jul 01, 2024 10:03:55 AM core.BasePage waitElementVisible
INFO: element: [[ChromeDriver: chrome on linux (13d44a83edaabc0402fc757bf74d18fb)] -> xpath: //input[@name='bug_id']] found successfully!
]]></system-err>
  </testcase>
  <testcase name="test02_logOut" classname="tests.MantisAutomationTest" time="24.888">
    <system-err><![CDATA[Jul 01, 2024 10:03:56 AM org.openqa.selenium.devtools.CdpVersionFinder findNearestMatch
WARNING: Unable to find CDP implementation matching 104
Jul 01, 2024 10:03:56 AM org.openqa.selenium.chromium.ChromiumDriver lambda$new$5
WARNING: Unable to find version of CDP to use for 104.0.5112.101. You may need to include a dependency on a specific version of the CDP using something similar to `org.seleniumhq.selenium:selenium-devtools-v86:4.11.0` where the version ("v86") matches the version of the chromium-based browser you're using and the version number of the artifact is the same as Selenium's.
Jul 01, 2024 10:03:56 AM core.DriverFactory createDriver
INFO: Selected Chrome Driver
Jul 01, 2024 10:03:58 AM core.BasePage insertText
INFO: text: Lucas_Andrade filled successfully!
Jul 01, 2024 10:03:59 AM core.BasePage click
INFO: element: [[ChromeDriver: chrome on linux (4b963a7faea86b50efe40a86dda93833)] -> xpath: //input[@value='Login']] clicked!
Jul 01, 2024 10:03:59 AM core.BasePage insertText
INFO: text: 1234 filled successfully!
Jul 01, 2024 10:04:10 AM core.BasePage click
INFO: element: Proxy element for: DefaultElementLocator 'By.xpath: //input[@value='Login']' clicked!
Jul 01, 2024 10:04:10 AM core.BasePage waitElementVisible
INFO: element: [[ChromeDriver: chrome on linux (4b963a7faea86b50efe40a86dda93833)] -> xpath: //input[@name='bug_id']] found successfully!
Jul 01, 2024 10:04:10 AM core.BasePage click
INFO: element: [[ChromeDriver: chrome on linux (4b963a7faea86b50efe40a86dda93833)] -> xpath: //span[@class='user-info']] clicked!
Jul 01, 2024 10:04:21 AM core.BasePage click
INFO: element: Proxy element for: DefaultElementLocator 'By.xpath: //a[contains(text(),'Logout')]' clicked!
Jul 01, 2024 10:04:21 AM core.BasePage waitElementVisible
INFO: element: [[ChromeDriver: chrome on linux (4b963a7faea86b50efe40a86dda93833)] -> id: username] found successfully!
]]></system-err>
  </testcase>
  <testcase name="test03_addIssue" classname="tests.MantisAutomationTest" time="35.615">
    <system-err><![CDATA[Jul 01, 2024 10:04:22 AM org.openqa.selenium.devtools.CdpVersionFinder findNearestMatch
WARNING: Unable to find CDP implementation matching 104
Jul 01, 2024 10:04:22 AM org.openqa.selenium.chromium.ChromiumDriver lambda$new$5
WARNING: Unable to find version of CDP to use for 104.0.5112.101. You may need to include a dependency on a specific version of the CDP using something similar to `org.seleniumhq.selenium:selenium-devtools-v86:4.11.0` where the version ("v86") matches the version of the chromium-based browser you're using and the version number of the artifact is the same as Selenium's.
Jul 01, 2024 10:04:22 AM core.DriverFactory createDriver
INFO: Selected Chrome Driver
Jul 01, 2024 10:04:24 AM core.BasePage insertText
INFO: text: Lucas_Andrade filled successfully!
Jul 01, 2024 10:04:25 AM core.BasePage click
INFO: element: [[ChromeDriver: chrome on linux (a8b971a9ce172e9a1ebfaa2dfec062c0)] -> xpath: //input[@value='Login']] clicked!
Jul 01, 2024 10:04:25 AM core.BasePage insertText
INFO: text: 1234 filled successfully!
Jul 01, 2024 10:04:36 AM core.BasePage click
INFO: element: Proxy element for: DefaultElementLocator 'By.xpath: //input[@value='Login']' clicked!
Jul 01, 2024 10:04:36 AM core.BasePage waitElementVisible
INFO: element: [[ChromeDriver: chrome on linux (a8b971a9ce172e9a1ebfaa2dfec062c0)] -> xpath: //input[@name='bug_id']] found successfully!
Jul 01, 2024 10:04:46 AM core.BasePage click
INFO: element: Proxy element for: DefaultElementLocator 'By.xpath: //a[@class='btn btn-primary btn-sm']' clicked!
Jul 01, 2024 10:04:46 AM core.BasePage waitElementVisible
INFO: element: [[ChromeDriver: chrome on linux (a8b971a9ce172e9a1ebfaa2dfec062c0)] -> xpath: //select[@id='category_id']] found successfully!
Jul 01, 2024 10:04:47 AM core.BasePage selectByText
INFO: text:[All Projects] nova categoria selected successfully!
Jul 01, 2024 10:04:47 AM core.BasePage insertText
INFO: text: test_0fXJ1XLMzv filled successfully!
Jul 01, 2024 10:04:47 AM core.BasePage insertText
INFO: text: test_0fXJ1XLMzv filled successfully!
Jul 01, 2024 10:04:57 AM core.BasePage click
INFO: element: Proxy element for: DefaultElementLocator 'By.xpath: //input[@value='Submit Issue']' clicked!
]]></system-err>
  </testcase>
  <testcase name="test04_printReports" classname="tests.MantisAutomationTest" time="25.424">
    <system-err><![CDATA[Jul 01, 2024 10:04:58 AM org.openqa.selenium.devtools.CdpVersionFinder findNearestMatch
WARNING: Unable to find CDP implementation matching 104
Jul 01, 2024 10:04:58 AM org.openqa.selenium.chromium.ChromiumDriver lambda$new$5
WARNING: Unable to find version of CDP to use for 104.0.5112.101. You may need to include a dependency on a specific version of the CDP using something similar to `org.seleniumhq.selenium:selenium-devtools-v86:4.11.0` where the version ("v86") matches the version of the chromium-based browser you're using and the version number of the artifact is the same as Selenium's.
Jul 01, 2024 10:04:58 AM core.DriverFactory createDriver
INFO: Selected Chrome Driver
Jul 01, 2024 10:05:00 AM core.BasePage insertText
INFO: text: Lucas_Andrade filled successfully!
Jul 01, 2024 10:05:01 AM core.BasePage click
INFO: element: [[ChromeDriver: chrome on linux (90aefb153ac0a495d2292579530d148f)] -> xpath: //input[@value='Login']] clicked!
Jul 01, 2024 10:05:01 AM core.BasePage insertText
INFO: text: 1234 filled successfully!
Jul 01, 2024 10:05:12 AM core.BasePage click
INFO: element: Proxy element for: DefaultElementLocator 'By.xpath: //input[@value='Login']' clicked!
Jul 01, 2024 10:05:12 AM core.BasePage waitElementVisible
INFO: element: [[ChromeDriver: chrome on linux (90aefb153ac0a495d2292579530d148f)] -> xpath: //input[@name='bug_id']] found successfully!
Jul 01, 2024 10:05:13 AM core.BasePage click
INFO: element: [[ChromeDriver: chrome on linux (90aefb153ac0a495d2292579530d148f)] -> xpath: //i[@class='menu-icon fa fa-list-alt']] clicked!
Jul 01, 2024 10:05:24 AM core.BasePage click
INFO: element: Proxy element for: DefaultElementLocator 'By.xpath: //a[contains(text(),'Print Reports')]' clicked!
]]></system-err>
  </testcase>
  <testcase name="test05_csvReports" classname="tests.MantisAutomationTest" time="15.629">
    <system-err><![CDATA[Jul 01, 2024 10:05:25 AM org.openqa.selenium.devtools.CdpVersionFinder findNearestMatch
WARNING: Unable to find CDP implementation matching 104
Jul 01, 2024 10:05:25 AM org.openqa.selenium.chromium.ChromiumDriver lambda$new$5
WARNING: Unable to find version of CDP to use for 104.0.5112.101. You may need to include a dependency on a specific version of the CDP using something similar to `org.seleniumhq.selenium:selenium-devtools-v86:4.11.0` where the version ("v86") matches the version of the chromium-based browser you're using and the version number of the artifact is the same as Selenium's.
Jul 01, 2024 10:05:25 AM core.DriverFactory createDriver
INFO: Selected Chrome Driver
Jul 01, 2024 10:05:27 AM core.BasePage insertText
INFO: text: Lucas_Andrade filled successfully!
Jul 01, 2024 10:05:28 AM core.BasePage click
INFO: element: [[ChromeDriver: chrome on linux (5bc59555779b65371b264e03d870dce8)] -> xpath: //input[@value='Login']] clicked!
Jul 01, 2024 10:05:28 AM core.BasePage insertText
INFO: text: 1234 filled successfully!
Jul 01, 2024 10:05:39 AM core.BasePage click
INFO: element: Proxy element for: DefaultElementLocator 'By.xpath: //input[@value='Login']' clicked!
Jul 01, 2024 10:05:39 AM core.BasePage waitElementVisible
INFO: element: [[ChromeDriver: chrome on linux (5bc59555779b65371b264e03d870dce8)] -> xpath: //input[@name='bug_id']] found successfully!
Jul 01, 2024 10:05:40 AM core.BasePage click
INFO: element: [[ChromeDriver: chrome on linux (5bc59555779b65371b264e03d870dce8)] -> xpath: //i[@class='menu-icon fa fa-list-alt']] clicked!
Jul 01, 2024 10:05:40 AM core.BasePage click
INFO: element: [[ChromeDriver: chrome on linux (5bc59555779b65371b264e03d870dce8)] -> xpath: //a[contains(text(),'CSV Export')]] clicked!
]]></system-err>
  </testcase>
  <testcase name="test06_excelReports" classname="tests.MantisAutomationTest" time="16.939">
    <system-err><![CDATA[Jul 01, 2024 10:05:41 AM org.openqa.selenium.devtools.CdpVersionFinder findNearestMatch
WARNING: Unable to find CDP implementation matching 104
Jul 01, 2024 10:05:41 AM org.openqa.selenium.chromium.ChromiumDriver lambda$new$5
WARNING: Unable to find version of CDP to use for 104.0.5112.101. You may need to include a dependency on a specific version of the CDP using something similar to `org.seleniumhq.selenium:selenium-devtools-v86:4.11.0` where the version ("v86") matches the version of the chromium-based browser you're using and the version number of the artifact is the same as Selenium's.
Jul 01, 2024 10:05:41 AM core.DriverFactory createDriver
INFO: Selected Chrome Driver
Jul 01, 2024 10:05:44 AM core.BasePage insertText
INFO: text: Lucas_Andrade filled successfully!
Jul 01, 2024 10:05:45 AM core.BasePage click
INFO: element: [[ChromeDriver: chrome on linux (cd386010a62bb6fd006ee16e0f9be745)] -> xpath: //input[@value='Login']] clicked!
Jul 01, 2024 10:05:45 AM core.BasePage insertText
INFO: text: 1234 filled successfully!
Jul 01, 2024 10:05:56 AM core.BasePage click
INFO: element: Proxy element for: DefaultElementLocator 'By.xpath: //input[@value='Login']' clicked!
Jul 01, 2024 10:05:56 AM core.BasePage waitElementVisible
INFO: element: [[ChromeDriver: chrome on linux (cd386010a62bb6fd006ee16e0f9be745)] -> xpath: //input[@name='bug_id']] found successfully!
Jul 01, 2024 10:05:57 AM core.BasePage click
INFO: element: [[ChromeDriver: chrome on linux (cd386010a62bb6fd006ee16e0f9be745)] -> xpath: //i[@class='menu-icon fa fa-list-alt']] clicked!
Jul 01, 2024 10:05:58 AM core.BasePage click
INFO: element: [[ChromeDriver: chrome on linux (cd386010a62bb6fd006ee16e0f9be745)] -> xpath: //a[contains(text(),'Excel Export')]] clicked!
]]></system-err>
  </testcase>
  <testcase name="test07_invalidLogin" classname="tests.MantisAutomationTest" time="4.649">
    <system-err><![CDATA[Jul 01, 2024 10:05:59 AM org.openqa.selenium.devtools.CdpVersionFinder findNearestMatch
WARNING: Unable to find CDP implementation matching 104
Jul 01, 2024 10:05:59 AM org.openqa.selenium.chromium.ChromiumDriver lambda$new$5
WARNING: Unable to find version of CDP to use for 104.0.5112.101. You may need to include a dependency on a specific version of the CDP using something similar to `org.seleniumhq.selenium:selenium-devtools-v86:4.11.0` where the version ("v86") matches the version of the chromium-based browser you're using and the version number of the artifact is the same as Selenium's.
Jul 01, 2024 10:05:59 AM core.DriverFactory createDriver
INFO: Selected Chrome Driver
Jul 01, 2024 10:06:01 AM core.BasePage insertText
INFO: text: invalidLogin filled successfully!
Jul 01, 2024 10:06:03 AM core.BasePage click
INFO: element: [[ChromeDriver: chrome on linux (60ca322b66a81702dc3100bc3df5f94e)] -> xpath: //input[@value='Login']] clicked!
Jul 01, 2024 10:06:03 AM core.BasePage insertText
INFO: text: 1234 filled successfully!
Jul 01, 2024 10:06:04 AM core.BasePage click
INFO: element: [[ChromeDriver: chrome on linux (60ca322b66a81702dc3100bc3df5f94e)] -> xpath: //input[@value='Login']] clicked!
]]></system-err>
  </testcase>
  <testcase name="test08_changeLog" classname="tests.MantisAutomationTest" time="14.333">
    <system-err><![CDATA[Jul 01, 2024 10:06:05 AM org.openqa.selenium.devtools.CdpVersionFinder findNearestMatch
WARNING: Unable to find CDP implementation matching 104
Jul 01, 2024 10:06:05 AM org.openqa.selenium.chromium.ChromiumDriver lambda$new$5
WARNING: Unable to find version of CDP to use for 104.0.5112.101. You may need to include a dependency on a specific version of the CDP using something similar to `org.seleniumhq.selenium:selenium-devtools-v86:4.11.0` where the version ("v86") matches the version of the chromium-based browser you're using and the version number of the artifact is the same as Selenium's.
Jul 01, 2024 10:06:05 AM core.DriverFactory createDriver
INFO: Selected Chrome Driver
Jul 01, 2024 10:06:06 AM core.BasePage insertText
INFO: text: Lucas_Andrade filled successfully!
Jul 01, 2024 10:06:07 AM core.BasePage click
INFO: element: [[ChromeDriver: chrome on linux (5c25838f7aa3bfc00a0e54c40ff24d43)] -> xpath: //input[@value='Login']] clicked!
Jul 01, 2024 10:06:07 AM core.BasePage insertText
INFO: text: 1234 filled successfully!
Jul 01, 2024 10:06:18 AM core.BasePage click
INFO: element: Proxy element for: DefaultElementLocator 'By.xpath: //input[@value='Login']' clicked!
Jul 01, 2024 10:06:18 AM core.BasePage waitElementVisible
INFO: element: [[ChromeDriver: chrome on linux (5c25838f7aa3bfc00a0e54c40ff24d43)] -> xpath: //input[@name='bug_id']] found successfully!
Jul 01, 2024 10:06:19 AM core.BasePage click
INFO: element: [[ChromeDriver: chrome on linux (5c25838f7aa3bfc00a0e54c40ff24d43)] -> xpath: //span[contains(text(),'Change Log')]] clicked!
]]></system-err>
  </testcase>
  <testcase name="test09_roadmap" classname="tests.MantisAutomationTest" time="13.932">
    <system-err><![CDATA[Jul 01, 2024 10:06:20 AM org.openqa.selenium.devtools.CdpVersionFinder findNearestMatch
WARNING: Unable to find CDP implementation matching 104
Jul 01, 2024 10:06:20 AM org.openqa.selenium.chromium.ChromiumDriver lambda$new$5
WARNING: Unable to find version of CDP to use for 104.0.5112.101. You may need to include a dependency on a specific version of the CDP using something similar to `org.seleniumhq.selenium:selenium-devtools-v86:4.11.0` where the version ("v86") matches the version of the chromium-based browser you're using and the version number of the artifact is the same as Selenium's.
Jul 01, 2024 10:06:20 AM core.DriverFactory createDriver
INFO: Selected Chrome Driver
Jul 01, 2024 10:06:21 AM core.BasePage insertText
INFO: text: Lucas_Andrade filled successfully!
Jul 01, 2024 10:06:22 AM core.BasePage click
INFO: element: [[ChromeDriver: chrome on linux (8c2c2725a7d8a4d36c7de15c32ef987b)] -> xpath: //input[@value='Login']] clicked!
Jul 01, 2024 10:06:22 AM core.BasePage insertText
INFO: text: 1234 filled successfully!
Jul 01, 2024 10:06:33 AM core.BasePage click
INFO: element: Proxy element for: DefaultElementLocator 'By.xpath: //input[@value='Login']' clicked!
Jul 01, 2024 10:06:33 AM core.BasePage waitElementVisible
INFO: element: [[ChromeDriver: chrome on linux (8c2c2725a7d8a4d36c7de15c32ef987b)] -> xpath: //input[@name='bug_id']] found successfully!
Jul 01, 2024 10:06:34 AM core.BasePage click
INFO: element: [[ChromeDriver: chrome on linux (8c2c2725a7d8a4d36c7de15c32ef987b)] -> xpath: //span[contains(text(),'Roadmap')]] clicked!
]]></system-err>
  </testcase>
</testsuite>